<?xml version="1.0" encoding="UTF-8"?>
<!-- Generated by org.testng.reporters.JUnitReportReporter -->
<testsuite hostname="DESKTOP-6O0AM8N" failures="0" tests="1" name="com.iNetBankingV3.testCases.TC_LoginTest_001" time="3.497" errors="0" timestamp="2023-11-13T22:36:52 IST" skipped="0">
  <testcase classname="com.iNetBankingV3.testCases.TC_LoginTest_001" name="loginTest" time="3.497"/>
  <system-out/>
</testsuite> <!-- com.iNetBankingV3.testCases.TC_LoginTest_001 -->
