<?xml version="1.0" encoding="UTF-8"?>
<!-- Generated by org.testng.reporters.JUnitReportReporter -->
<testsuite hostname="DESKTOP-6O0AM8N" failures="0" tests="1" name="com.iNetBankingV3.testCases.TC_AddCustomer_003" time="20.412" errors="0" timestamp="2023-11-06T15:19:59 IST" skipped="0">
  <testcase classname="com.iNetBankingV3.testCases.TC_AddCustomer_003" name="addNewCustomer" time="20.412"/>
  <system-out/>
</testsuite> <!-- com.iNetBankingV3.testCases.TC_AddCustomer_003 -->
